Flutter crash report.
Please report a bug at https://github.com/flutter/flutter/issues.

## command

flutter debug_adapter

## exception

RPCError: getIsolate: (-32603) Unexpected DWDS error for getIsolate: Bad state: No running isolate (inspector is not set).

```
#0      new _OutstandingRequest (package:vm_service/src/vm_service.dart:265:34)
#1      VmService._call.<anonymous closure> (package:vm_service/src/vm_service.dart:1921:25)
#2      VmService._call (package:vm_service/src/vm_service.dart:1933:8)
#3      VmService.getIsolate (package:vm_service/src/vm_service.dart:1009:7)
#4      IsolateManager._sendLibraryDebuggables (package:dds/src/dap/isolate_manager.dart:1034:35)
#5      IsolateManager._configureIsolate (package:dds/src/dap/isolate_manager.dart:555:9)
#6      IsolateManager.registerIsolate (package:dds/src/dap/isolate_manager.dart:246:13)
#7      IsolateManager.handleEvent (package:dds/src/dap/isolate_manager.dart:189:13)
#8      DartDebugAdapter.handleIsolateEvent (package:dds/src/dap/adapters/dart.dart:2488:26)
<asynchronous suspension>
#9      DartDebugAdapter._withErrorHandling (package:dds/src/dap/adapters/dart.dart:2819:14)
<asynchronous suspension>
```

## flutter doctor

```
[✓] Flutter (Channel master, 3.32.0-1.0.pre.39, on macOS 15.3.2 24D81 darwin-arm64, locale en-US) [5.1s]
    • Flutter version 3.32.0-1.0.pre.39 on channel master at /opt/homebrew/Caskroom/flutter/3.22.1/flutter
    • Upstream repository https://github.com/flutter/flutter.git
    • Framework revision 3455b8ab57 (6 weeks ago), 2025-04-10 09:11:24 +0200
    • Engine revision 3455b8ab57
    • Dart version 3.8.0 (build 3.8.0-265.0.dev)
    • DevTools version 2.45.0-dev.0

[✓] Android toolchain - develop for Android devices (Android SDK version 34.0.0) [3.6s]
    • Android SDK at /Users/altayc/Library/Android/sdk
    • Platform android-35, build-tools 34.0.0
    • Java binary at: /Applications/Android Studio.app/Contents/jbr/Contents/Home/bin/java
      This is the JDK bundled with the latest Android Studio installation on this machine.
      To manually set the JDK path, use: `flutter config --jdk-dir="path/to/jdk"`.
    • Java version OpenJDK Runtime Environment (build 17.0.10+0-17.0.10b1087.21-11572160)
    • All Android licenses accepted.

[!] Xcode - develop for iOS and macOS (Xcode 16.2) [4.0s]
    • Xcode at /Applications/Xcode.app/Contents/Developer
    • Build 16C5032a
    ! CocoaPods 1.15.2 out of date (1.16.2 is recommended).
        CocoaPods is a package manager for iOS or macOS platform code.
        Without CocoaPods, plugins will not work on iOS or macOS.
        For more info, see https://flutter.dev/to/platform-plugins
      To update CocoaPods, see https://guides.cocoapods.org/using/getting-started.html#updating-cocoapods

[✓] Chrome - develop for the web [7ms]
    • Chrome at /Applications/Google Chrome.app/Contents/MacOS/Google Chrome

[✓] Android Studio (version 2023.3) [6ms]
    • Android Studio at /Applications/Android Studio.app/Contents
    • Flutter plugin can be installed from:
      🔨 https://plugins.jetbrains.com/plugin/9212-flutter
    • Dart plugin can be installed from:
      🔨 https://plugins.jetbrains.com/plugin/6351-dart
    • Java version OpenJDK Runtime Environment (build 17.0.10+0-17.0.10b1087.21-11572160)

[✓] VS Code (version 1.100.2) [5ms]
    • VS Code at /Applications/Visual Studio Code.app/Contents
    • Flutter extension version 3.110.0

[✓] Connected device (3 available) [6.5s]
    • iPhone (mobile) • 00008130-0019445A0152001C • ios            • iOS 18.5 22F76
    • macOS (desktop) • macos                     • darwin-arm64   • macOS 15.3.2 24D81 darwin-arm64
    • Chrome (web)    • chrome                    • web-javascript • Google Chrome 136.0.7103.114

[✓] Network resources [1,365ms]
    • All expected network resources are available.

! Doctor found issues in 1 category.
```
